Arguments: 
  /Users/jankuca/.nave/installed/4.9.1/bin/node /Users/jankuca/local/bin/yarn

PATH: 
  /Users/jankuca/.nave/installed/4.9.1/bin:/opt/chef/embedded/bin:/usr/local/heroku/bin:/usr/local/bin:/Users/jankuca/.bin:/Users/jankuca/local/bin:/opt/chef/embedded/bin:/usr/local/heroku/bin:/usr/local/bin:/Users/jankuca/.bin:/Users/jankuca/local/bin:/opt/chef/embedded/bin:/usr/local/heroku/bin:/usr/local/bin:/Users/jankuca/.bin:/Users/jankuca/local/bin:/usr/local/bin:/usr/bin:/bin:/usr/sbin:/sbin:/Users/jankuca/.yarn/bin:/Users/jankuca/.rvm/bin:/opt/chef/bin:/code/go//bin:/usr/local/opt/go/libexec/bin:/Users/jankuca/.bin:/Users/jankuca/.yarn/bin:/Users/jankuca/.rvm/bin:/opt/chef/bin:/code/go//bin:/usr/local/opt/go/libexec/bin:/Users/jankuca/.bin:/Users/jankuca/.yarn/bin:/Users/jankuca/.rvm/bin:/opt/chef/bin:/code/go//bin:/usr/local/opt/go/libexec/bin:/Users/jankuca/.bin

Yarn version: 
  1.3.2

Node version: 
  4.9.1

Platform: 
  darwin x64

npm manifest: 
  {
    "name": "react-listener-component",
    "version": "2.0.0",
    "main": "lib/listener-component",
    "scripts": {
      "build": "rm -rf lib && coffee -c -o lib src",
      "prepublish": "npm run build",
      "test": "npm run build && ava lib/test"
    },
    "engines": {
      "node": "4.x.x",
    },
    "peerDependencies": {
      "react": ">=15.3"
    },
    "devDependencies": {
      "ava": "0.8.0",
      "coffee-script": "1.9.1",
      "react": "15.3.x",
      "react-test-render": "1.1.1",
      "react-addons-test-utils": "15.3.x"
    }
  }

yarn manifest: 
  No manifest

Lockfile: 
  No lockfile

Trace: 
  SyntaxError: /Users/jankuca/code/avocode/react-listener-component/package.json: Unexpected token }
      at Object.parse (native)
      at /Users/jankuca/local/lib/node_modules/yarn/lib/cli.js:770:59
      at next (native)
      at step (/Users/jankuca/local/lib/node_modules/yarn/lib/cli.js:92:30)
      at /Users/jankuca/local/lib/node_modules/yarn/lib/cli.js:103:13
      at run (/Users/jankuca/local/lib/node_modules/yarn/lib/cli.js:92989:22)
      at /Users/jankuca/local/lib/node_modules/yarn/lib/cli.js:93002:28
      at flush (/Users/jankuca/local/lib/node_modules/yarn/lib/cli.js:92460:9)
      at nextTickCallbackWith0Args (node.js:489:9)
      at process._tickCallback (node.js:418:13)
